[WRN][1683031519.5331251621] /home/tino/antigen.zsh:266
[WRN][1683031519.5331251621] -antigen-interactive-mode: toplevel:file:shfunc:shfunc $_ANTIGEN_INTERACTIVE = 
[TRA][1683031519.5336682796] /home/tino/antigen.zsh:475
[TRA][1683031519.5336682796] Gonna create compdump file @ env-setup COMPDUMP
[TRA][1683031519.5336682796] TRACE
-antigen-env-setup
/home/tino/antigen.zsh
[TRA][1683031524.4793243408] /home/tino/antigen.zsh:808
[TRA][1683031524.4793243408] Called antigen-bundle with zsh-users/zsh-autosuggestions BUNDLE
[TRA][1683031524.4793243408] TRACE
antigen-bundle
antigen
[TRA][1683031560.4432818890] /home/tino/antigen.zsh:808
[TRA][1683031560.4432818890] Called antigen-bundle with --loc=lib BUNDLE
[TRA][1683031560.4432818890] TRACE
antigen-bundle
-antigen-use-oh-my-zsh
antigen-use
antigen
[TRA][1683031570.1028475761] /home/tino/antigen.zsh:808
[TRA][1683031570.1028475761] Called antigen-bundle with git BUNDLE
[TRA][1683031570.1028475761] TRACE
antigen-bundle
antigen
[TRA][1683031574.1935551167] /home/tino/antigen.zsh:808
[TRA][1683031574.1935551167] Called antigen-bundle with pip BUNDLE
[TRA][1683031574.1935551167] TRACE
antigen-bundle
antigen
[TRA][1683031579.8446249962] /home/tino/antigen.zsh:808
[TRA][1683031579.8446249962] Called antigen-bundle with command-not-found BUNDLE
[TRA][1683031579.8446249962] TRACE
antigen-bundle
antigen
[TRA][1683031585.3193249702] /home/tino/antigen.zsh:808
[TRA][1683031585.3193249702] Called antigen-bundle with zsh-users/zsh-syntax-highlighting BUNDLE
[TRA][1683031585.3193249702] TRACE
antigen-bundle
antigen
[TRA][1683031594.1066102982] /home/tino/antigen.zsh:808
[TRA][1683031594.1066102982] Called antigen-bundle with --loc=themes/robbyrussell --btype=theme BUNDLE
[TRA][1683031594.1066102982] TRACE
antigen-bundle
antigen-theme
antigen
[LOG][1683031606.1603181362] /home/tino/antigen.zsh:785
[LOG][1683031606.1603181362] Called antigen-apply
[TRA][1683031606.1605021954] /home/tino/antigen.zsh:789
[TRA][1683031606.1605021954] Gonna create compdump file @ apply COMPDUMP
[TRA][1683031606.1605021954] TRACE
antigen-apply
antigen
[TRA][1683031710.6767005920] /home/tino/antigen.zsh:808
[TRA][1683031710.6767005920] Called antigen-bundle with zsh-users/zsh-autosuggestions BUNDLE
[TRA][1683031710.6767005920] TRACE
antigen-bundle
antigen
[TRA][1683031977.9042010307] /home/tino/antigen.zsh:808
[TRA][1683031977.9042010307] Called antigen-bundle with asdf-vm/asdf BUNDLE
[TRA][1683031977.9042010307] TRACE
antigen-bundle
antigen
