0 verbose cli /home/tino/.nvm/versions/node/v20.1.0/bin/node /home/tino/.nvm/versions/node/v20.1.0/bin/npm
1 info using npm@9.6.4
2 info using node@v20.1.0
3 timing npm:load:whichnode Completed in 1ms
4 timing config:load:defaults Completed in 0ms
5 timing config:load:file:/home/tino/.nvm/versions/node/v20.1.0/lib/node_modules/npm/npmrc Completed in 1ms
6 timing config:load:builtin Completed in 1ms
7 timing config:load:cli Completed in 1ms
8 timing config:load:env Completed in 0ms
9 timing config:load:file:/mnt/c/Users/kmilchev/source/repos/AgePartnership/.npmrc Completed in 0ms
10 timing config:load:project Completed in 2ms
11 timing config:load:file:/home/tino/.npmrc Completed in 0ms
12 timing config:load:user Completed in 0ms
13 timing config:load:file:/home/tino/.nvm/versions/node/v20.1.0/etc/npmrc Completed in 1ms
14 timing config:load:global Completed in 1ms
15 timing config:load:setEnvs Completed in 0ms
16 timing config:load Completed in 5ms
17 timing npm:load:configload Completed in 5ms
18 timing npm:load:mkdirpcache Completed in 0ms
19 timing npm:load:mkdirplogs Completed in 0ms
20 verbose title npm install gum
21 verbose argv "install" "gum"
22 timing npm:load:setTitle Completed in 1ms
23 timing config:load:flatten Completed in 1ms
24 timing npm:load:display Completed in 2ms
25 verbose logfile logs-max:10 dir:/home/tino/.npm/_logs/2023-05-11T09_47_03_340Z-
26 verbose logfile /home/tino/.npm/_logs/2023-05-11T09_47_03_340Z-debug-0.log
27 timing npm:load:logFile Completed in 4ms
28 timing npm:load:timers Completed in 0ms
29 timing npm:load:configScope Completed in 0ms
30 timing npm:load Completed in 13ms
31 timing arborist:ctor Completed in 0ms
32 silly logfile done cleaning log files
33 timing idealTree:init Completed in 15ms
34 timing idealTree:userRequests Completed in 0ms
35 silly idealTree buildDeps
36 silly fetch manifest gum@*
37 http fetch GET 200 https://registry.npmjs.org/gum 978ms (cache miss)
38 silly placeDep ROOT gum@0.0.1 OK for:  want: *
39 timing idealTree:#root Completed in 981ms
40 timing idealTree:node_modules/gum Completed in 0ms
41 timing idealTree:buildDeps Completed in 983ms
42 timing idealTree:fixDepFlags Completed in 0ms
43 timing idealTree Completed in 999ms
44 timing reify:loadTrees Completed in 999ms
45 timing reify:diffTrees Completed in 1ms
46 silly reify moves {}
47 timing reify:retireShallow Completed in 1ms
48 timing reify:createSparse Completed in 3ms
49 timing reify:loadBundles Completed in 0ms
50 silly audit bulk request {
50 silly audit   '@remix-run/router': [ '1.2.1' ],
50 silly audit   'js-tokens': [ '4.0.0' ],
50 silly audit   'loose-envify': [ '1.4.0' ],
50 silly audit   react: [ '18.2.0' ],
50 silly audit   'react-dom': [ '18.2.0' ],
50 silly audit   'react-router': [ '6.6.2' ],
50 silly audit   'react-router-dom': [ '6.6.2' ],
50 silly audit   scheduler: [ '0.23.0' ],
50 silly audit   gum: [ '0.0.1' ]
50 silly audit }
51 silly tarball no local data for react-router-dom@https://registry.npmjs.org/react-router-dom/-/react-router-dom-6.6.2.tgz. Extracting by manifest.
52 silly tarball no local data for js-tokens@https://registry.npmjs.org/js-tokens/-/js-tokens-4.0.0.tgz. Extracting by manifest.
53 silly tarball no local data for scheduler@https://registry.npmjs.org/scheduler/-/scheduler-0.23.0.tgz. Extracting by manifest.
54 silly tarball no local data for react@https://registry.npmjs.org/react/-/react-18.2.0.tgz. Extracting by manifest.
55 silly tarball no local data for gum@https://registry.npmjs.org/gum/-/gum-0.0.1.tgz. Extracting by manifest.
56 silly tarball no local data for loose-envify@https://registry.npmjs.org/loose-envify/-/loose-envify-1.4.0.tgz. Extracting by manifest.
57 silly tarball no local data for react-dom@https://registry.npmjs.org/react-dom/-/react-dom-18.2.0.tgz. Extracting by manifest.
58 silly tarball no local data for react-router@https://registry.npmjs.org/react-router/-/react-router-6.6.2.tgz. Extracting by manifest.
59 silly tarball no local data for @remix-run/router@https://registry.npmjs.org/@remix-run/router/-/router-1.2.1.tgz. Extracting by manifest.
60 http fetch GET 200 https://registry.npmjs.org/loose-envify/-/loose-envify-1.4.0.tgz 157ms (cache miss)
61 timing reifyNode:node_modules/loose-envify Completed in 166ms
62 http fetch GET 200 https://registry.npmjs.org/js-tokens/-/js-tokens-4.0.0.tgz 172ms (cache miss)
63 timing reifyNode:node_modules/js-tokens Completed in 180ms
64 http fetch POST 200 https://registry.npmjs.org/-/npm/v1/security/advisories/bulk 214ms
65 timing auditReport:getReport Completed in 215ms
66 silly audit report {}
67 timing auditReport:init Completed in 0ms
68 timing reify:audit Completed in 215ms
69 http fetch GET 200 https://registry.npmjs.org/scheduler/-/scheduler-0.23.0.tgz 216ms (cache miss)
70 timing reifyNode:node_modules/scheduler Completed in 224ms
71 http fetch GET 200 https://registry.npmjs.org/react/-/react-18.2.0.tgz 268ms (cache miss)
72 timing reifyNode:node_modules/react Completed in 279ms
73 http fetch GET 200 https://registry.npmjs.org/react-router-dom/-/react-router-dom-6.6.2.tgz 375ms (cache miss)
74 timing reifyNode:node_modules/react-router-dom Completed in 382ms
75 http fetch GET 200 https://registry.npmjs.org/react-dom/-/react-dom-18.2.0.tgz 816ms (cache miss)
76 timing reifyNode:node_modules/react-dom Completed in 825ms
77 http fetch GET 200 https://registry.npmjs.org/@remix-run/router/-/router-1.2.1.tgz 932ms (cache miss)
78 timing reifyNode:node_modules/@remix-run/router Completed in 951ms
79 http fetch GET 200 https://registry.npmjs.org/react-router/-/react-router-6.6.2.tgz 1038ms (cache miss)
80 timing reifyNode:node_modules/react-router Completed in 1057ms
81 http fetch GET 200 https://registry.npmjs.org/gum/-/gum-0.0.1.tgz 1060ms (cache miss)
82 timing reifyNode:node_modules/gum Completed in 1068ms
83 timing reify:unpack Completed in 1068ms
84 timing reify:unretire Completed in 0ms
85 timing build:queue Completed in 1ms
86 timing build:link:node_modules/loose-envify Completed in 2ms
87 timing build:link Completed in 2ms
88 timing build:deps Completed in 3ms
89 timing build Completed in 3ms
90 timing reify:build Completed in 4ms
91 timing reify:trash Completed in 0ms
92 timing reify:save Completed in 4ms
93 timing reify Completed in 2088ms
94 silly ADD node_modules/gum
95 silly ADD node_modules/scheduler
96 silly ADD node_modules/react-router-dom
97 silly ADD node_modules/react-router
98 silly ADD node_modules/react-dom
99 silly ADD node_modules/react
100 silly ADD node_modules/loose-envify
101 silly ADD node_modules/js-tokens
102 silly ADD node_modules/@remix-run/router
103 timing command:install Completed in 2093ms
104 verbose exit 0
105 timing npm Completed in 2115ms
106 info ok
