[
  {
    "name": "mssqlcli",
    "properties": {
      "Reserved.ChannelUsed": "aivortex",
      "Reserved.SequenceNumber": 1,
      "Reserved.EventId": "f0b3eb3a-7be0-43e6-8937-52b21edcdf49",
      "Reserved.SessionId": "3498f6ec-e485-4930-a31c-98eb3171ced7",
      "Reserved.TimeSinceSessionStart": 0,
      "Reserved.DataModel.Source": "DataModelAPI",
      "Reserved.DataModel.EntitySchemaVersion": 4,
      "Reserved.DataModel.Severity": 0,
      "Reserved.DataModel.CorrelationId": "914d853b-d0b6-4caf-82cc-66c16af8ab6e",
      "Context.Default.SQLTools.ExeName": "mssqlcli",
      "Context.Default.SQLTools.ExeVersion": "1.0.0",
      "Context.Default.SQLTools.OS.Type": "linux",
      "Context.Default.SQLTools.OS.Version": "5.10.102.1-microsoft-standard-wsl2",
      "Context.Default.SQLTools.IsDocker": false,
      "Context.Default.SQLTools.User.Id": "28b465ba7083a9eb51d875aeee865c3ef85797b29ac74a26e719f4f9fe67c7cf",
      "Context.Default.SQLTools.User.IsMicrosoftInternal": "False",
      "Context.Default.SQLTools.User.IsOptedIn": "True",
      "Context.Default.SQLTools.ShellType": "/usr/bin/zsh",
      "Context.Default.SQLTools.EnvironmentVariables": "[]",
      "Context.Default.SQLTools.Locale": "en_US,UTF-8",
      "Context.Default.SQLTools.StartTime": "2023-05-23 07:13:45.329400",
      "Context.Default.SQLTools.EndTime": "2023-05-23 07:14:01.134278",
      "Context.Default.SQLTools.SessionDuration": "15.804878",
      "Context.Default.SQLTools.PythonVersion": "3.9.2",
      "Context.Default.SQLTools.ServerVersion": null,
      "Context.Default.SQLTools.ServerEdition": null,
      "Context.Default.SQLTools.ConnectionType": null
    }
  }
]