

times in msec
 clock   self+sourced   self:  sourced script
 clock   elapsed:              other lines

000.003  000.003: --- NVIM STARTING ---
000.044  000.041: event init
000.091  000.047: early init
000.110  000.019: locale set
000.135  000.025: init first window
000.288  000.153: inits 1
000.294  000.006: window checked
000.296  000.002: parsing arguments
000.574  000.033  000.033: require('vim.shared')
000.646  000.026  000.026: require('vim._meta')
000.647  000.071  000.045: require('vim._editor')
000.647  000.133  000.029: require('vim._init_packages')
000.649  000.220: init lua interpreter
000.674  000.025: expanding arguments
000.693  000.019: inits 2
000.950  000.257: init highlight
000.956  000.006: waiting for UI
001.549  000.593: done waiting for UI
001.559  000.010: clear screen
001.673  000.114: init default mappings & autocommands
002.275  000.040  000.040: sourcing /squashfs-root/usr/share/nvim/runtime/ftplugin.vim
002.386  000.016  000.016: sourcing /squashfs-root/usr/share/nvim/runtime/indent.vim
002.502  000.005  000.005: require('vim.keymap')
002.538  000.060  000.055: require('art3xias.keymap')
003.826  000.141  000.141: require('packer.util')
003.871  001.168  001.027: require('packer')
004.031  000.159  000.159: require('packer.log')
004.328  000.098  000.098: require('packer.async')
004.533  000.068  000.068: require('packer.result')
004.534  000.205  000.137: require('packer.jobs')
004.537  000.497  000.194: require('packer.plugin_utils')
004.682  000.141  000.141: require('packer.snapshot')
004.968  002.429  000.464: require('art3xias.packer')
004.997  000.027  000.027: require('art3xias.fn')
004.998  002.542  000.025: require('art3xias')
004.999  002.573  000.031: sourcing /home/tino/.config/nvim/init.lua
005.001  000.701: sourcing vimrc file(s)
005.371  000.006  000.006: sourcing /home/tino/.local/share/nvim/site/pack/packer/start/vim-fugitive/ftdetect/fugitive.vim
005.560  000.411  000.404: sourcing /squashfs-root/usr/share/nvim/runtime/filetype.lua
005.750  000.057  000.057: sourcing /squashfs-root/usr/share/nvim/runtime/syntax/synload.vim
005.833  000.236  000.179: sourcing /squashfs-root/usr/share/nvim/runtime/syntax/syntax.vim
006.387  000.102  000.102: sourcing /squashfs-root/usr/share/nvim/runtime/plugin/gzip.vim
006.397  000.004  000.004: sourcing /squashfs-root/usr/share/nvim/runtime/plugin/health.vim
006.621  000.109  000.109: sourcing /squashfs-root/usr/share/nvim/runtime/pack/dist/opt/matchit/plugin/matchit.vim
006.661  000.258  000.149: sourcing /squashfs-root/usr/share/nvim/runtime/plugin/matchit.vim
006.757  000.091  000.091: sourcing /squashfs-root/usr/share/nvim/runtime/plugin/matchparen.vim
006.771  000.009  000.009: sourcing /squashfs-root/usr/share/nvim/runtime/plugin/netrwPlugin.vim
006.854  000.004  000.004: sourcing /home/tino/.local/share/nvim/rplugin.vim
006.857  000.080  000.076: sourcing /squashfs-root/usr/share/nvim/runtime/plugin/rplugin.vim
006.901  000.040  000.040: sourcing /squashfs-root/usr/share/nvim/runtime/plugin/shada.vim
006.921  000.011  000.011: sourcing /squashfs-root/usr/share/nvim/runtime/plugin/spellfile.vim
006.989  000.062  000.062: sourcing /squashfs-root/usr/share/nvim/runtime/plugin/tarPlugin.vim
007.043  000.046  000.046: sourcing /squashfs-root/usr/share/nvim/runtime/plugin/tohtml.vim
007.061  000.008  000.008: sourcing /squashfs-root/usr/share/nvim/runtime/plugin/tutor.vim
007.154  000.087  000.087: sourcing /squashfs-root/usr/share/nvim/runtime/plugin/zipPlugin.vim
008.463  000.097  000.097: require('toggleterm.lazy')
008.522  000.056  000.056: require('toggleterm.constants')
008.888  000.364  000.364: require('toggleterm.terminal')
008.895  001.461  000.943: require('toggleterm')
009.120  000.108  000.108: require('toggleterm.colors')
009.234  000.113  000.113: require('toggleterm.utils')
009.239  000.343  000.122: require('toggleterm.config')
009.278  000.006  000.006: require('vim.F')
009.511  000.231  000.231: require('vim.version')
010.683  000.156  000.156: require('toggleterm.commandline')
010.747  003.558  001.363: sourcing /home/tino/.config/nvim/plugin/packer_compiled.lua
010.912  000.027  000.027: sourcing /squashfs-root/usr/share/nvim/runtime/plugin/editorconfig.lua
010.951  000.033  000.033: sourcing /squashfs-root/usr/share/nvim/runtime/plugin/man.lua
010.980  000.023  000.023: sourcing /squashfs-root/usr/share/nvim/runtime/plugin/nvim.lua
010.986  000.900: loading rtp plugins
011.304  000.026  000.026: require('Comment.config')
011.547  000.108  000.108: require('Comment.ft')
011.551  000.245  000.138: require('Comment.utils')
011.634  000.083  000.083: require('Comment.opfunc')
011.681  000.046  000.046: require('Comment.extra')
011.684  000.468  000.068: require('Comment.api')
011.765  000.572  000.105: sourcing /home/tino/.local/share/nvim/site/pack/packer/start/Comment.nvim/plugin/Comment.lua
011.821  000.019  000.019: sourcing /home/tino/.local/share/nvim/site/pack/packer/start/LuaSnip/plugin/luasnip.vim
012.753  000.863  000.863: require('vim.filetype')
013.294  000.017  000.017: require('luasnip.util.types')
013.297  000.077  000.060: require('luasnip.util.ext_opts')
013.424  000.016  000.016: require('luasnip.util.lazy_table')
013.462  000.037  000.037: require('luasnip.extras.filetype_functions')
013.467  000.144  000.092: require('luasnip.default_config')
013.469  000.171  000.027: require('luasnip.session')
013.470  000.346  000.098: require('luasnip.config')
013.950  000.178  000.178: require('luasnip.util.util')
014.151  000.014  000.014: require('luasnip.nodes.key_indexer')
014.154  000.202  000.188: require('luasnip.nodes.util')
014.290  000.022  000.022: require('luasnip.session.snippet_collection.source')
014.307  000.016  000.016: require('luasnip.util.table')
014.346  000.036  000.036: require('luasnip.util.auto_table')
014.350  000.195  000.121: require('luasnip.session.snippet_collection')
014.575  000.064  000.064: require('luasnip.util.select')
014.592  000.016  000.016: require('luasnip.util.time')
014.834  000.412  000.333: require('luasnip.util._builtin_vars')
014.886  000.050  000.050: require('vim.inspect')
014.906  000.555  000.093: require('luasnip.util.environ')
014.942  000.035  000.035: require('luasnip.util.extend_decorator')
015.125  000.110  000.110: require('luasnip.util.path')
015.310  000.076  000.076: require('luasnip.util.log')
015.313  000.186  000.110: require('luasnip.loaders.util')
015.333  000.019  000.019: require('luasnip.loaders.data')
015.551  000.218  000.218: require('luasnip.loaders.fs_watchers')
015.554  000.612  000.079: require('luasnip.loaders')
015.566  002.088  000.311: require('luasnip')
015.582  003.736  000.439: sourcing /home/tino/.local/share/nvim/site/pack/packer/start/LuaSnip/plugin/luasnip.lua
017.369  000.147  000.147: require('vim.lsp.log')
018.033  000.661  000.661: require('vim.lsp.protocol')
019.337  000.313  000.313: require('vim.lsp._snippet')
019.458  000.118  000.118: require('vim.highlight')
019.476  001.440  001.009: require('vim.lsp.util')
019.493  002.600  000.352: require('vim.lsp.handlers')
019.890  000.396  000.396: require('vim.lsp.rpc')
020.075  000.184  000.184: require('vim.lsp.sync')
020.401  000.325  000.325: require('vim.lsp.semantic_tokens')
020.838  000.436  000.436: require('vim.lsp.buf')
021.103  000.263  000.263: require('vim.lsp.diagnostic')
021.397  000.292  000.292: require('vim.lsp.codelens')
021.545  005.684  001.189: require('vim.lsp')
022.393  000.844  000.844: require('vim.diagnostic')
022.410  006.674  000.146: require('lsp-zero.setup')
022.412  006.683  000.009: sourcing /home/tino/.local/share/nvim/site/pack/packer/start/lsp-zero.nvim/plugin/lsp-zero.lua
022.698  000.081  000.081: require('cmp.utils.api')
022.781  000.045  000.045: require('cmp.types.cmp')
023.009  000.116  000.116: require('cmp.utils.misc')
023.019  000.237  000.121: require('cmp.types.lsp')
023.051  000.032  000.032: require('cmp.types.vim')
023.052  000.353  000.039: require('cmp.types')
023.099  000.046  000.046: require('cmp.utils.highlight')
023.191  000.039  000.039: require('cmp.utils.debug')
023.202  000.102  000.064: require('cmp.utils.autocmd')
023.421  000.854  000.272: sourcing /home/tino/.local/share/nvim/site/pack/packer/start/nvim-cmp/plugin/cmp.lua
023.522  000.031  000.031: sourcing /home/tino/.local/share/nvim/site/pack/packer/start/nvim-colorizer.lua/plugin/colorizer.vim
023.699  000.116  000.116: sourcing /home/tino/.local/share/nvim/site/pack/packer/start/nvim-lspconfig/plugin/lspconfig.lua
024.326  000.115  000.115: require('nvim-treesitter.utils')
025.740  000.116  000.116: require('vim.treesitter.language')
025.747  000.396  000.280: require('vim.treesitter.query')
025.861  000.113  000.113: require('vim.treesitter._range')
025.866  000.820  000.311: require('vim.treesitter.languagetree')
025.870  001.031  000.211: require('vim.treesitter')
026.144  001.817  000.786: require('nvim-treesitter.parsers')
026.900  000.054  000.054: require('nvim-treesitter.compat')
027.196  000.196  000.196: require('nvim-treesitter.ts_utils')
027.199  000.297  000.100: require('nvim-treesitter.tsrange')
027.260  000.060  000.060: require('nvim-treesitter.caching')
027.266  000.609  000.198: require('nvim-treesitter.query')
027.276  000.998  000.389: require('nvim-treesitter.configs')
027.278  001.132  000.134: require('nvim-treesitter.info')
027.441  000.162  000.162: require('nvim-treesitter.shell_command_selectors')
027.459  003.608  000.382: require('nvim-treesitter.install')
027.520  000.060  000.060: require('nvim-treesitter.statusline')
027.639  000.118  000.118: require('nvim-treesitter.query_predicates')
027.640  003.855  000.068: require('nvim-treesitter')
027.823  004.056  000.201: sourcing /home/tino/.local/share/nvim/site/pack/packer/start/nvim-treesitter/plugin/nvim-treesitter.lua
027.901  000.036  000.036: sourcing /home/tino/.local/share/nvim/site/pack/packer/start/nvim-web-devicons/plugin/nvim-web-devicons.vim
027.949  000.007  000.007: sourcing /home/tino/.local/share/nvim/site/pack/packer/start/omnisharp-extended-lsp.nvim/plugin/omnisharp_extended.vim
028.106  000.077  000.077: require('nvim-treesitter-playground')
028.186  000.177  000.100: sourcing /home/tino/.local/share/nvim/site/pack/packer/start/playground/plugin/nvim-treesitter-playground.lua
028.240  000.024  000.024: sourcing /home/tino/.local/share/nvim/site/pack/packer/start/plenary.nvim/plugin/plenary.vim
028.420  000.091  000.091: require('rainbow-delimiters.config')
028.500  000.079  000.079: require('rainbow-delimiters.log')
028.679  000.052  000.052: require('rainbow-delimiters.util')
028.681  000.180  000.128: require('rainbow-delimiters.lib')
028.960  000.073  000.073: require('rainbow-delimiters.stack')
028.962  000.218  000.144: require('rainbow-delimiters.strategy.global')
028.969  000.286  000.068: require('rainbow-delimiters.default')
029.003  000.713  000.076: sourcing /home/tino/.local/share/nvim/site/pack/packer/start/rainbow-delimiters.nvim/plugin/rainbow-delimiters.lua
029.275  000.210  000.210: sourcing /home/tino/.local/share/nvim/site/pack/packer/start/telescope.nvim/plugin/telescope.lua
029.435  000.119  000.119: sourcing /home/tino/.local/share/nvim/site/pack/packer/start/undotree/plugin/undotree.vim
030.152  000.679  000.679: sourcing /home/tino/.local/share/nvim/site/pack/packer/start/vim-fugitive/plugin/fugitive.vim
030.414  000.204  000.204: sourcing /home/tino/.local/share/nvim/site/pack/packer/start/vim-surround/plugin/surround.vim
030.480  001.258: loading packages
030.617  000.042  000.042: sourcing /home/tino/.local/share/nvim/site/pack/packer/start/dracula/autoload/dracula.vim
030.626  000.077  000.035: sourcing /home/tino/.local/share/nvim/site/pack/packer/start/dracula/after/plugin/dracula.vim
031.024  000.107  000.107: require('cmp_nvim_lsp.source')
031.028  000.251  000.144: require('cmp_nvim_lsp')
031.038  000.270  000.019: sourcing /home/tino/.local/share/nvim/site/pack/packer/start/cmp-nvim-lsp/after/plugin/cmp_nvim_lsp.lua
031.783  000.116  000.116: require('cmp.utils.char')
031.789  000.214  000.098: require('cmp.utils.str')
032.034  000.036  000.036: require('cmp.utils.buffer')
032.039  000.185  000.149: require('cmp.utils.keymap')
032.043  000.252  000.067: require('cmp.utils.feedkeys')
032.891  000.544  000.544: require('cmp.config.mapping')
032.970  000.075  000.075: require('cmp.utils.cache')
033.231  000.164  000.164: require('cmp.config.compare')
033.233  000.259  000.095: require('cmp.config.default')
033.246  001.045  000.166: require('cmp.config')
033.258  001.205  000.161: require('cmp.utils.async')
033.391  000.047  000.047: require('cmp.utils.pattern')
033.393  000.134  000.087: require('cmp.context')
034.000  000.121  000.121: require('cmp.matcher')
034.003  000.401  000.280: require('cmp.entry')
034.008  000.614  000.212: require('cmp.source')
034.199  000.042  000.042: require('cmp.utils.event')
034.494  000.036  000.036: require('cmp.utils.options')
034.497  000.204  000.168: require('cmp.utils.window')
034.498  000.298  000.094: require('cmp.view.docs_view')
034.742  000.244  000.244: require('cmp.view.custom_entries_view')
034.917  000.174  000.174: require('cmp.view.wildmenu_entries_view')
035.038  000.121  000.121: require('cmp.view.native_entries_view')
035.148  000.109  000.109: require('cmp.view.ghost_text_view')
035.156  001.148  000.161: require('cmp.view')
035.485  004.206  000.640: require('cmp.core')
035.618  000.050  000.050: require('cmp.config.sources')
035.665  000.045  000.045: require('cmp.config.window')
035.702  004.634  000.333: require('cmp')
035.781  000.077  000.077: require('cmp_nvim_lua')
035.800  004.738  000.027: sourcing /home/tino/.local/share/nvim/site/pack/packer/start/cmp-nvim-lua/after/plugin/cmp_nvim_lua.lua
036.060  000.188  000.188: require('cmp_path')
036.070  000.205  000.018: sourcing /home/tino/.local/share/nvim/site/pack/packer/start/cmp-path/after/plugin/cmp_path.lua
037.197  000.341  000.341: require('ibl.utils')
037.219  000.596  000.255: require('ibl.config')
037.591  000.087  000.087: require('ibl.indent')
037.599  000.379  000.293: require('ibl.hooks')
037.605  001.044  000.068: require('ibl.highlights')
037.686  000.080  000.080: require('ibl.autocmds')
037.781  000.094  000.094: require('ibl.inlay_hints')
037.866  000.084  000.084: require('ibl.virt_text')
038.126  000.216  000.216: require('ibl.scope_languages')
038.128  000.262  000.046: require('ibl.scope')
038.133  001.902  000.338: require('ibl')
038.155  002.033  000.131: sourcing /home/tino/.local/share/nvim/site/pack/packer/start/indent-blankline.nvim/after/plugin/commands.lua
039.929  001.624  001.624: sourcing /home/tino/.local/share/nvim/site/pack/packer/start/dracula/colors/dracula.vim
040.930  002.664  001.040: sourcing /home/tino/.config/nvim/after/plugin/colors.lua
040.968  000.014  000.014: sourcing /home/tino/.config/nvim/after/plugin/duoplete.lua
041.002  000.028  000.028: sourcing /home/tino/.config/nvim/after/plugin/fugitive.lua
041.843  000.147  000.147: require('plenary.bit')
041.912  000.068  000.068: require('plenary.functional')
041.927  000.009  000.009: require('ffi')
041.944  000.623  000.400: require('plenary.path')
042.237  000.242  000.242: require('plenary.job')
042.239  000.294  000.051: require('harpoon.utils')
042.421  000.145  000.145: require('plenary.log')
042.432  000.193  000.048: require('harpoon.dev')
042.638  001.436  000.326: require('harpoon')
042.645  001.621  000.186: require('harpoon.mark')
043.207  000.125  000.125: require('plenary.strings')
043.209  000.262  000.136: require('plenary.window.border')
043.255  000.045  000.045: require('plenary.window')
043.302  000.046  000.046: require('plenary.popup.utils')
043.304  000.535  000.182: require('plenary.popup')
043.307  000.661  000.126: require('harpoon.ui')
043.397  002.389  000.107: sourcing /home/tino/.config/nvim/after/plugin/harpoon.lua
043.645  000.159  000.159: require('lsp-zero.server')
043.983  000.192  000.192: require('lspconfig.util')
044.041  000.057  000.057: require('lspconfig.async')
044.042  000.397  000.147: require('lspconfig.configs')
044.203  000.070  000.070: require('lsp-zero.cmp')
044.730  000.096  000.096: require('lsp-zero.api')
044.734  001.301  000.578: require('lsp-zero')
044.802  000.066  000.066: require('lsp-zero.cmp-mapping')
045.342  000.064  000.064: require('lspconfig')
045.410  000.051  000.051: require('lspconfig.server_configurations.lua_ls')
120.039  000.242  000.242: require('lspconfig.manager')
120.173  000.066  000.066: require('mason-core.path')
120.442  000.121  000.121: require('mason-core.functional')
120.763  000.094  000.094: require('mason-core.functional.data')
120.770  000.314  000.220: require('mason-core.functional.function')
120.844  000.055  000.055: require('mason-core.functional.relation')
120.907  000.059  000.059: require('mason-core.functional.logic')
120.923  000.748  000.199: require('mason-core.platform')
121.017  000.093  000.093: require('mason.settings')
121.019  000.973  000.065: require('mason')
121.529  000.147  000.147: require('mason-core.functional.list')
121.612  000.081  000.081: require('mason-core.functional.string')
121.631  000.464  000.236: require('mason.api.command')
121.731  000.093  000.093: require('mason-registry.sources')
122.001  000.145  000.145: require('mason-core.log')
122.039  000.036  000.036: require('mason-lspconfig.settings')
122.044  000.305  000.123: require('mason-lspconfig')
122.164  000.030  000.030: require('mason-lspconfig.notify')
122.167  000.113  000.083: require('mason-lspconfig.lspconfig_hook')
122.341  000.064  000.064: require('mason-core.functional.table')
122.385  000.217  000.153: require('mason-lspconfig.mappings.server')
122.570  000.057  000.057: require('mason-core.EventEmitter')
122.635  000.064  000.064: require('mason-core.optional')
122.861  000.121  000.121: require('mason-core.async')
122.895  000.033  000.033: require('mason-core.async.uv')
122.898  000.263  000.109: require('mason-core.fs')
122.912  000.526  000.142: require('mason-registry')
122.944  000.029  000.029: require('mason-lspconfig.server_config_extensions')
123.054  000.109  000.109: require('lspconfig.server_configurations.omnisharp')
123.152  000.052  000.052: require('mason-lspconfig.ensure_installed')
123.364  000.093  000.093: require('mason-core.result')
123.661  000.150  000.150: require('mason-core.process')
123.812  000.150  000.150: require('mason-core.spawn')
123.814  000.354  000.054: require('mason-core.managers.powershell')
123.848  000.033  000.033: require('mason.version')
123.850  000.485  000.099: require('mason-core.fetch')
123.908  000.057  000.057: require('mason-core.providers')
124.290  000.171  000.171: require('mason-core.purl')
124.297  000.345  000.174: require('mason-core.package')
124.696  000.082  000.082: require('mason-core.installer.registry.expr')
124.702  000.245  000.164: require('mason-core.installer.registry.link')
125.328  000.083  000.083: require('mason-core.receipt')
125.366  000.306  000.223: require('mason-core.installer.context')
125.457  000.088  000.088: require('mason-core.async.control')
125.558  000.101  000.101: require('mason-core.installer.linker')
125.561  000.650  000.155: require('mason-core.installer')
125.574  000.806  000.155: require('mason-core.installer.managers.std')
125.575  000.872  000.067: require('mason-core.installer.registry.schemas')
125.642  000.066  000.066: require('mason-core.installer.registry.util')
125.648  001.350  000.166: require('mason-core.installer.registry')
125.650  001.741  000.047: require('mason-registry.sources.util')
125.657  002.500  000.124: require('mason-registry.sources.github')
128.794  000.042  000.042: require('mason-core.functional.number')
128.811  000.181  000.139: require('mason-lspconfig.api.command')
129.221  000.077  000.077: require('omnisharp_extended/utils')
130.117  000.071  000.071: require('telescope.state')
130.264  000.145  000.145: require('telescope.config.resolve')
130.267  000.344  000.129: require('telescope.pickers.entry_display')
130.803  000.149  000.149: require('telescope.log')
130.815  000.548  000.399: require('telescope.utils')
130.825  001.602  000.709: require('telescope.make_entry')
131.798  000.080  000.080: require('telescope._extensions')
131.801  000.177  000.097: require('telescope')
132.189  000.063  000.063: require('plenary.tbl')
132.193  000.167  000.104: require('plenary.vararg.rotate')
132.210  000.231  000.064: require('plenary.vararg')
132.267  000.056  000.056: require('plenary.errors')
132.270  000.394  000.107: require('plenary.async.async')
132.661  000.083  000.083: require('plenary.async.structs')
132.667  000.225  000.142: require('plenary.async.control')
132.672  000.342  000.117: require('plenary.async.util')
132.676  000.403  000.062: require('plenary.async.tests')
132.677  000.874  000.077: require('plenary.async')
133.667  000.060  000.060: require('telescope.deprecated')
133.964  000.296  000.296: require('telescope.sorters')
135.035  001.674  001.319: require('telescope.config')
135.150  000.112  000.112: require('telescope.pickers.scroller')
135.223  000.071  000.071: require('telescope.actions.state')
135.322  000.098  000.098: require('telescope.actions.utils')
135.581  000.121  000.121: require('telescope.actions.mt')
135.598  000.275  000.154: require('telescope.actions.set')
135.659  000.060  000.060: require('telescope.from_entry')
135.901  003.223  000.932: require('telescope.actions')
136.028  000.125  000.125: require('telescope.debounce')
136.228  000.199  000.199: require('telescope.mappings')
136.619  000.390  000.390: require('telescope.pickers.highlights')
136.747  000.124  000.124: require('telescope.pickers.window')
137.085  000.132  000.132: require('telescope.algos.linked_list')
137.089  000.339  000.207: require('telescope.entry_manager')
137.172  000.082  000.082: require('telescope.pickers.multi')
137.214  006.388  000.856: require('telescope.pickers')
137.535  000.076  000.076: require('telescope.finders.async_static_finder')
137.879  000.067  000.067: require('plenary.class')
137.890  000.263  000.196: require('telescope._')
137.891  000.356  000.092: require('telescope.finders.async_oneshot_finder')
137.988  000.096  000.096: require('telescope.finders.async_job_finder')
137.991  000.767  000.240: require('telescope.finders')
137.995  009.051  000.217: require('omnisharp_extended')
138.074  000.040  000.040: require('mason-lspconfig.server_configurations.omnisharp')
138.424  000.272  000.272: require('lspconfig.server_configurations.rust_analyzer')
139.153  000.077  000.077: require('lspconfig.server_configurations.gopls')
139.415  000.057  000.057: require('lspconfig.server_configurations.zls')
139.712  096.302  079.519: sourcing /home/tino/.config/nvim/after/plugin/lsp.lua
139.849  000.109  000.109: sourcing /home/tino/.config/nvim/after/plugin/none-ls.lua
141.983  000.201  000.201: require('nvim-tree.notify')
142.015  000.433  000.232: require('nvim-tree.events')
142.744  000.174  000.174: require('nvim-tree.log')
143.281  000.069  000.069: require('nvim-tree.iterators.node-iterator')
143.312  000.567  000.498: require('nvim-tree.utils')
143.406  000.093  000.093: require('nvim-tree.git.utils')
143.539  000.132  000.132: require('nvim-tree.git.runner')
143.660  000.120  000.120: require('nvim-tree.watcher')
143.748  000.087  000.087: require('nvim-tree.explorer.node')
143.756  001.556  000.383: require('nvim-tree.git')
143.834  000.077  000.077: require('nvim-tree.explorer.watch')
143.984  000.068  000.068: require('nvim-tree.explorer.node-builders')
144.123  000.138  000.138: require('nvim-tree.explorer.sorters')
144.281  000.059  000.059: require('nvim-tree.marks')
144.283  000.159  000.100: require('nvim-tree.explorer.filters')
144.676  000.270  000.270: require('nvim-tree.view')
144.680  000.396  000.125: require('nvim-tree.live-filter')
144.682  000.846  000.085: require('nvim-tree.explorer.explore')
144.807  000.125  000.125: require('nvim-tree.explorer.reload')
144.810  002.794  000.190: require('nvim-tree.explorer')
144.813  003.319  000.093: require('nvim-tree.core')
144.910  000.096  000.096: require('nvim-tree.renderer.components.padding')
144.991  000.080  000.080: require('nvim-tree.renderer.components.icons')
145.076  000.084  000.084: require('nvim-tree.renderer.components.full-name')
145.389  000.042  000.042: require('nvim-tree.enum')
145.461  000.070  000.070: require('nvim-tree.renderer.decorator')
145.463  000.182  000.070: require('nvim-tree.renderer.decorator.bookmarks')
145.536  000.053  000.053: require('nvim-tree.renderer.decorator.copied')
145.584  000.047  000.047: require('nvim-tree.renderer.decorator.cut')
145.779  000.113  000.113: require('nvim-tree.diagnostics')
145.783  000.198  000.085: require('nvim-tree.renderer.decorator.diagnostics')
145.900  000.116  000.116: require('nvim-tree.renderer.decorator.git')
146.015  000.056  000.056: require('nvim-tree.buffers')
146.016  000.115  000.059: require('nvim-tree.renderer.decorator.modified')
146.064  000.047  000.047: require('nvim-tree.renderer.decorator.opened')
146.069  000.993  000.234: require('nvim-tree.renderer.builder')
146.073  004.752  000.180: require('nvim-tree.renderer')
146.078  005.068  000.315: require('nvim-tree.lib')
146.194  000.115  000.115: require('nvim-tree.appearance')
146.587  000.073  000.073: require('nvim-tree.actions.finders.find-file')
146.662  000.074  000.074: require('nvim-tree.actions.finders.search-node')
146.663  000.190  000.042: require('nvim-tree.actions.finders')
146.948  000.069  000.069: require('nvim-tree.actions.reloaders')
146.952  000.242  000.173: require('nvim-tree.actions.fs.copy-paste')
147.037  000.085  000.085: require('nvim-tree.actions.fs.create-file')
147.134  000.095  000.095: require('nvim-tree.actions.fs.remove-file')
147.216  000.082  000.082: require('nvim-tree.actions.fs.rename-file')
147.308  000.091  000.091: require('nvim-tree.actions.fs.trash')
147.310  000.645  000.050: require('nvim-tree.actions.fs')
147.454  000.103  000.103: require('nvim-tree.actions.moves.item')
147.507  000.052  000.052: require('nvim-tree.actions.moves.parent')
147.565  000.057  000.057: require('nvim-tree.actions.moves.sibling')
147.566  000.256  000.044: require('nvim-tree.actions.moves')
147.682  000.070  000.070: require('nvim-tree.actions.node.file-popup')
147.877  000.194  000.194: require('nvim-tree.actions.node.open-file')
147.929  000.051  000.051: require('nvim-tree.actions.node.run-command')
148.000  000.070  000.070: require('nvim-tree.actions.node.system-open')
148.001  000.434  000.050: require('nvim-tree.actions.node')
148.124  000.079  000.079: require('nvim-tree.actions.root.change-dir')
148.197  000.072  000.072: require('nvim-tree.actions.root.dir-up')
148.198  000.196  000.044: require('nvim-tree.actions.root')
148.309  000.062  000.062: require('nvim-tree.actions.tree.find-file')
148.416  000.063  000.063: require('nvim-tree.actions.tree.modifiers.collapse-all')
148.492  000.075  000.075: require('nvim-tree.actions.tree.modifiers.expand-all')
148.545  000.053  000.053: require('nvim-tree.actions.tree.modifiers.toggles')
148.546  000.237  000.046: require('nvim-tree.actions.tree.modifiers')
148.603  000.056  000.056: require('nvim-tree.actions.tree.open')
148.662  000.058  000.058: require('nvim-tree.actions.tree.toggle')
148.663  000.464  000.051: require('nvim-tree.actions.tree')
148.664  002.238  000.052: require('nvim-tree.actions')
148.738  000.073  000.073: require('nvim-tree.appearance.diagnostics')
148.982  000.112  000.112: require('nvim-tree.keymap')
148.985  000.245  000.133: require('nvim-tree.help')
149.061  000.075  000.075: require('nvim-tree.marks.navigation')
149.121  000.059  000.059: require('nvim-tree.marks.bulk-delete')
149.177  000.055  000.055: require('nvim-tree.marks.bulk-trash')
149.238  000.060  000.060: require('nvim-tree.marks.bulk-move')
149.276  002.998  000.193: require('nvim-tree.api')
149.281  003.086  000.088: require('nvim-tree.commands')
149.358  000.076  000.076: require('nvim-tree.legacy')
149.390  009.512  001.168: require('nvim-tree')
150.586  000.482  000.482: require('nvim-web-devicons.icons-default')
150.683  000.856  000.374: require('nvim-web-devicons')
152.340  012.481  002.113: sourcing /home/tino/.config/nvim/after/plugin/nvimtree.lua
153.875  000.220  000.220: require('telescope.builtin')
153.906  001.534  001.314: sourcing /home/tino/.config/nvim/after/plugin/telescope.lua
154.761  000.833  000.833: sourcing /home/tino/.config/nvim/after/plugin/toggleterm.lua
155.813  000.107  000.107: require('nvim-treesitter.highlight')
155.829  001.026  000.919: sourcing /home/tino/.config/nvim/after/plugin/treesitter.lua
155.896  000.056  000.056: sourcing /home/tino/.config/nvim/after/plugin/undotree.lua
155.898  000.657: loading after plugins
155.908  000.010: inits 3
157.319  001.411: reading ShaDa
157.794  000.102  000.102: require('luasnip.util.directed_graph')
157.822  000.025  000.025: require('luasnip.session.enqueueable_operations')
157.825  000.345  000.218: require('luasnip.loaders.from_lua')
158.791  000.026  000.026: require('luasnip.util.events')
158.797  000.227  000.201: require('luasnip.nodes.node')
158.948  000.150  000.150: require('luasnip.nodes.insertNode')
159.020  000.071  000.071: require('luasnip.nodes.textNode')
159.103  000.081  000.081: require('luasnip.util.mark')
159.162  000.058  000.058: require('luasnip.util.pattern_tokenizer')
159.193  000.030  000.030: require('luasnip.util.dict')
159.563  000.310  000.310: require('luasnip.util.jsregexp')
159.565  000.371  000.060: require('luasnip.nodes.util.trig_engines')
159.610  001.545  000.558: require('luasnip.nodes.snippet')
159.613  001.582  000.037: require('luasnip.nodes.duplicate')
159.615  001.616  000.034: require('luasnip.loaders.snippet_cache')
159.628  001.800  000.184: require('luasnip.loaders.from_snipmate')
160.112  000.238  000.238: require('luasnip.util.jsonc')
160.119  000.488  000.250: require('luasnip.loaders.from_vscode')
160.134  000.181: opening buffers
160.150  000.017: BufEnter autocommands
160.152  000.002: editing files in windows
160.270  000.077  000.077: require('mason-core.terminator')
164.978  000.063  000.063: require('mason-core.functional.type')


times in msec
 clock   self+sourced   self:  sourced script
 clock   elapsed:              other lines

000.002  000.002: --- NVIM STARTING ---
000.045  000.043: event init
000.128  000.083: early init
000.159  000.031: locale set
000.190  000.031: init first window
000.384  000.194: inits 1
000.388  000.004: window checked
000.391  000.003: parsing arguments
000.648  000.038  000.038: require('vim.shared')
000.710  000.023  000.023: require('vim._meta')
000.711  000.061  000.039: require('vim._editor')
000.711  000.121  000.022: require('vim._init_packages')
000.713  000.202: init lua interpreter
001.054  000.341: expanding arguments
001.083  000.029: inits 2
001.300  000.216: init highlight
